-- Install configuration: ""
-- Up-to-date: /Users/frank/ros2_ws/install/mycobot_description/share/mycobot_description/urdf
-- Up-to-date: /Users/frank/ros2_ws/install/mycobot_description/share/mycobot_description/urdf/mycobot_pro_630.urdf.xacro
-- Up-to-date: /Users/frank/ros2_ws/install/mycobot_description/share/mycobot_description/urdf/mycobot_pro_630.urdf
-- Up-to-date: /Users/frank/ros2_ws/install/mycobot_description/share/mycobot_description/meshes
-- Up-to-date: /Users/frank/ros2_ws/install/mycobot_description/share/mycobot_description/meshes/base.dae
-- Up-to-date: /Users/frank/ros2_ws/install/mycobot_description/share/mycobot_description/meshes/link4.dae
-- Up-to-date: /Users/frank/ros2_ws/install/mycobot_description/share/mycobot_description/meshes/single_suction_cup.dae
-- Up-to-date: /Users/frank/ros2_ws/install/mycobot_description/share/mycobot_description/meshes/link5.dae
-- Up-to-date: /Users/frank/ros2_ws/install/mycobot_description/share/mycobot_description/meshes/link6.dae
-- Up-to-date: /Users/frank/ros2_ws/install/mycobot_description/share/mycobot_description/meshes/link2.dae
-- Up-to-date: /Users/frank/ros2_ws/install/mycobot_description/share/mycobot_description/meshes/link3.dae
-- Up-to-date: /Users/frank/ros2_ws/install/mycobot_description/share/mycobot_description/meshes/link1.dae
-- Up-to-date: /Users/frank/ros2_ws/install/mycobot_description/share/mycobot_description/launch
-- Up-to-date: /Users/frank/ros2_ws/install/mycobot_description/share/mycobot_description/launch/display.launch.py
-- Up-to-date: /Users/frank/ros2_ws/install/mycobot_description/share/mycobot_description/config
-- Up-to-date: /Users/frank/ros2_ws/install/mycobot_description/share/mycobot_description/config/controllers.yaml
-- Up-to-date: /Users/frank/ros2_ws/install/mycobot_description/share/mycobot_description/rviz
-- Up-to-date: /Users/frank/ros2_ws/install/mycobot_description/share/mycobot_description/rviz/display.rviz
-- Up-to-date: /Users/frank/ros2_ws/install/mycobot_description/share/ament_index/resource_index/package_run_dependencies/mycobot_description
-- Up-to-date: /Users/frank/ros2_ws/install/mycobot_description/share/ament_index/resource_index/parent_prefix_path/mycobot_description
-- Up-to-date: /Users/frank/ros2_ws/install/mycobot_description/share/mycobot_description/environment/ament_prefix_path.sh
-- Up-to-date: /Users/frank/ros2_ws/install/mycobot_description/share/mycobot_description/environment/ament_prefix_path.dsv
-- Up-to-date: /Users/frank/ros2_ws/install/mycobot_description/share/mycobot_description/environment/path.sh
-- Up-to-date: /Users/frank/ros2_ws/install/mycobot_description/share/mycobot_description/environment/path.dsv
-- Up-to-date: /Users/frank/ros2_ws/install/mycobot_description/share/mycobot_description/local_setup.bash
-- Up-to-date: /Users/frank/ros2_ws/install/mycobot_description/share/mycobot_description/local_setup.sh
-- Up-to-date: /Users/frank/ros2_ws/install/mycobot_description/share/mycobot_description/local_setup.zsh
-- Up-to-date: /Users/frank/ros2_ws/install/mycobot_description/share/mycobot_description/local_setup.dsv
-- Installing: /Users/frank/ros2_ws/install/mycobot_description/share/mycobot_description/package.dsv
-- Up-to-date: /Users/frank/ros2_ws/install/mycobot_description/share/ament_index/resource_index/packages/mycobot_description
-- Up-to-date: /Users/frank/ros2_ws/install/mycobot_description/share/mycobot_description/cmake/mycobot_descriptionConfig.cmake
-- Up-to-date: /Users/frank/ros2_ws/install/mycobot_description/share/mycobot_description/cmake/mycobot_descriptionConfig-version.cmake
-- Up-to-date: /Users/frank/ros2_ws/install/mycobot_description/share/mycobot_description/package.xml
