[0.030s] Invoking command in '/Users/frank/ros2_ws/build/mycobot_description': SHLVL=3 _=/usr/bin/env /opt/homebrew/bin/cmake /Users/frank/ros2_ws/src/mycobot_description -DCMAKE_INSTALL_PREFIX=/Users/frank/ros2_ws/install/mycobot_description
[0.064s] CMake Deprecation Warning at CMakeLists.txt:1 (cmake_minimum_required):
[0.064s]   Compatibility with CMake < 3.10 will be removed from a future version of
[0.064s]   CMake.
[0.064s] 
[0.064s]   Update the VERSION argument <min> value.  Or, use the <min>...<max> syntax
[0.064s]   to tell CMake that the project requires at least <min> but has been updated
[0.064s]   to work with policies introduced by <max> or earlier.
[0.064s] 
[0.064s] 
[0.485s] -- The C compiler identification is AppleClang 17.0.0.17000013
[1.711s] -- The CXX compiler identification is AppleClang 17.0.0.17000013
[1.751s] -- Detecting C compiler ABI info
[2.390s] -- Detecting C compiler ABI info - done
[2.404s] -- Check for working C compiler: /usr/bin/cc - skipped
[2.405s] -- Detecting C compile features
[2.406s] -- Detecting C compile features - done
[2.412s] -- Detecting CXX compiler ABI info
[2.570s] -- Detecting CXX compiler ABI info - done
[2.585s] -- Check for working CXX compiler: /usr/bin/c++ - skipped
[2.585s] -- Detecting CXX compile features
[2.586s] -- Detecting CXX compile features - done
[3.280s] CMake Error at CMakeLists.txt:8 (find_package):
[3.281s]   By not providing "Findament_cmake.cmake" in CMAKE_MODULE_PATH this project
[3.281s]   has asked CMake to find a package configuration file provided by
[3.281s]   "ament_cmake", but CMake did not find one.
[3.281s] 
[3.281s]   Could not find a package configuration file provided by "ament_cmake" with
[3.281s]   any of the following names:
[3.281s] 
[3.281s]     ament_cmakeConfig.cmake
[3.281s]     ament_cmake-config.cmake
[3.281s] 
[3.281s]   Add the installation prefix of "ament_cmake" to CMAKE_PREFIX_PATH or set
[3.281s]   "ament_cmake_DIR" to a directory containing one of the above files.  If
[3.281s]   "ament_cmake" provides a separate development package or SDK, be sure it
[3.281s]   has been installed.
[3.281s] 
[3.281s] 
[3.281s] -- Configuring incomplete, errors occurred!
[3.283s] Invoked command in '/Users/frank/ros2_ws/build/mycobot_description' returned '1': SHLVL=3 _=/usr/bin/env /opt/homebrew/bin/cmake /Users/frank/ros2_ws/src/mycobot_description -DCMAKE_INSTALL_PREFIX=/Users/frank/ros2_ws/install/mycobot_description
