[0.146s] [34mcolcon[0m [1;30mDEBUG[0m [32mCommand line arguments: ['/Users/frank/miniconda3/envs/ros_env/bin/colcon', 'build', '--packages-select', 'mycobot_description', '--symlink-install'][0m
[0.146s] [34mcolcon[0m [1;30mDEBUG[0m [32mParsed command line arguments: Namespace(log_base=None, log_level=None, verb_name='build', build_base='build', install_base='install', merge_install=False, symlink_install=True, test_result_base=None, continue_on_error=False, executor='parallel', parallel_workers=10, event_handlers=None, ignore_user_meta=False, metas=['./colcon.meta'], base_paths=['.'], packages_ignore=None, packages_ignore_regex=None, paths=None, packages_up_to=None, packages_up_to_regex=None, packages_above=None, packages_above_and_dependencies=None, packages_above_depth=None, packages_select_by_dep=None, packages_skip_by_dep=None, packages_skip_up_to=None, packages_select_build_failed=False, packages_skip_build_finished=False, packages_select_test_failures=False, packages_skip_test_passed=False, packages_select=['mycobot_description'], packages_skip=None, packages_select_regex=None, packages_skip_regex=None, packages_start=None, packages_end=None, cmake_args=None, cmake_target=None, cmake_target_skip_unavailable=False, cmake_clean_cache=False, cmake_clean_first=False, cmake_force_configure=False, ament_cmake_args=None, catkin_cmake_args=None, catkin_skip_building_tests=False, verb_parser=<colcon_defaults.argument_parser.defaults.DefaultArgumentsDecorator object at 0x1042e9290>, verb_extension=<colcon_core.verb.build.BuildVerb object at 0x10435abd0>, main=<bound method BuildVerb.main of <colcon_core.verb.build.BuildVerb object at 0x10435abd0>>)[0m
[0.190s] [34mcolcon.colcon_core.package_discovery[0m [1;30mLevel 1[0m discover_packages(colcon_meta) check parameters
[0.190s] [34mcolcon.colcon_core.package_discovery[0m [1;30mLevel 1[0m discover_packages(recursive) check parameters
[0.190s] [34mcolcon.colcon_core.package_discovery[0m [1;30mLevel 1[0m discover_packages(ignore) check parameters
[0.190s] [34mcolcon.colcon_core.package_discovery[0m [1;30mLevel 1[0m discover_packages(path) check parameters
[0.190s] [34mcolcon.colcon_core.package_discovery[0m [1;30mLevel 1[0m discover_packages(colcon_meta) discover
[0.190s] [34mcolcon.colcon_core.package_discovery[0m [1;30mLevel 1[0m discover_packages(recursive) discover
[0.190s] [34mcolcon.colcon_core.package_discovery[0m [1;30mINFO[0m Crawling recursively for packages in '/Users/frank/ros2_ws'
[0.190s] [34mcolcon.colcon_core.package_identification[0m [1;30mLevel 1[0m _identify(.) by extensions ['ignore', 'ignore_ament_install']
[0.190s] [34mcolcon.colcon_core.package_identification[0m [1;30mLevel 1[0m _identify(.) by extension 'ignore'
[0.191s] [34mcolcon.colcon_core.package_identification[0m [1;30mLevel 1[0m _identify(.) by extension 'ignore_ament_install'
[0.191s] [34mcolcon.colcon_core.package_identification[0m [1;30mLevel 1[0m _identify(.) by extensions ['colcon_pkg']
[0.191s] [34mcolcon.colcon_core.package_identification[0m [1;30mLevel 1[0m _identify(.) by extension 'colcon_pkg'
[0.191s] [34mcolcon.colcon_core.package_identification[0m [1;30mLevel 1[0m _identify(.) by extensions ['colcon_meta']
[0.191s] [34mcolcon.colcon_core.package_identification[0m [1;30mLevel 1[0m _identify(.) by extension 'colcon_meta'
[0.191s] [34mcolcon.colcon_core.package_identification[0m [1;30mLevel 1[0m _identify(.) by extensions ['ros']
[0.191s] [34mcolcon.colcon_core.package_identification[0m [1;30mLevel 1[0m _identify(.) by extension 'ros'
[0.212s] [34mcolcon.colcon_core.package_identification[0m [1;30mLevel 1[0m _identify(.) by extensions ['cmake', 'python']
[0.212s] [34mcolcon.colcon_core.package_identification[0m [1;30mLevel 1[0m _identify(.) by extension 'cmake'
[0.212s] [34mcolcon.colcon_core.package_identification[0m [1;30mLevel 1[0m _identify(.) by extension 'python'
[0.212s] [34mcolcon.colcon_core.package_identification[0m [1;30mLevel 1[0m _identify(.) by extensions ['python_setup_py']
[0.212s] [34mcolcon.colcon_core.package_identification[0m [1;30mLevel 1[0m _identify(.) by extension 'python_setup_py'
[0.213s] [34mcolcon.colcon_core.package_identification[0m [1;30mLevel 1[0m _identify(build) by extensions ['ignore', 'ignore_ament_install']
[0.213s] [34mcolcon.colcon_core.package_identification[0m [1;30mLevel 1[0m _identify(build) by extension 'ignore'
[0.213s] [34mcolcon.colcon_core.package_identification[0m [1;30mLevel 1[0m _identify(build) ignored
[0.213s] [34mcolcon.colcon_core.package_identification[0m [1;30mLevel 1[0m _identify(install) by extensions ['ignore', 'ignore_ament_install']
[0.213s] [34mcolcon.colcon_core.package_identification[0m [1;30mLevel 1[0m _identify(install) by extension 'ignore'
[0.213s] [34mcolcon.colcon_core.package_identification[0m [1;30mLevel 1[0m _identify(install) ignored
[0.213s] [34mcolcon.colcon_core.package_identification[0m [1;30mLevel 1[0m _identify(log) by extensions ['ignore', 'ignore_ament_install']
[0.213s] [34mcolcon.colcon_core.package_identification[0m [1;30mLevel 1[0m _identify(log) by extension 'ignore'
[0.213s] [34mcolcon.colcon_core.package_identification[0m [1;30mLevel 1[0m _identify(log) ignored
[0.213s] [34mcolcon.colcon_core.package_identification[0m [1;30mLevel 1[0m _identify(src) by extensions ['ignore', 'ignore_ament_install']
[0.213s] [34mcolcon.colcon_core.package_identification[0m [1;30mLevel 1[0m _identify(src) by extension 'ignore'
[0.213s] [34mcolcon.colcon_core.package_identification[0m [1;30mLevel 1[0m _identify(src) by extension 'ignore_ament_install'
[0.213s] [34mcolcon.colcon_core.package_identification[0m [1;30mLevel 1[0m _identify(src) by extensions ['colcon_pkg']
[0.213s] [34mcolcon.colcon_core.package_identification[0m [1;30mLevel 1[0m _identify(src) by extension 'colcon_pkg'
[0.213s] [34mcolcon.colcon_core.package_identification[0m [1;30mLevel 1[0m _identify(src) by extensions ['colcon_meta']
[0.213s] [34mcolcon.colcon_core.package_identification[0m [1;30mLevel 1[0m _identify(src) by extension 'colcon_meta'
[0.213s] [34mcolcon.colcon_core.package_identification[0m [1;30mLevel 1[0m _identify(src) by extensions ['ros']
[0.213s] [34mcolcon.colcon_core.package_identification[0m [1;30mLevel 1[0m _identify(src) by extension 'ros'
[0.213s] [34mcolcon.colcon_core.package_identification[0m [1;30mLevel 1[0m _identify(src) by extensions ['cmake', 'python']
[0.213s] [34mcolcon.colcon_core.package_identification[0m [1;30mLevel 1[0m _identify(src) by extension 'cmake'
[0.213s] [34mcolcon.colcon_core.package_identification[0m [1;30mLevel 1[0m _identify(src) by extension 'python'
[0.213s] [34mcolcon.colcon_core.package_identification[0m [1;30mLevel 1[0m _identify(src) by extensions ['python_setup_py']
[0.213s] [34mcolcon.colcon_core.package_identification[0m [1;30mLevel 1[0m _identify(src) by extension 'python_setup_py'
[0.213s] [34mcolcon.colcon_core.package_identification[0m [1;30mLevel 1[0m _identify(src/mycobot_description) by extensions ['ignore', 'ignore_ament_install']
[0.213s] [34mcolcon.colcon_core.package_identification[0m [1;30mLevel 1[0m _identify(src/mycobot_description) by extension 'ignore'
[0.213s] [34mcolcon.colcon_core.package_identification[0m [1;30mLevel 1[0m _identify(src/mycobot_description) by extension 'ignore_ament_install'
[0.213s] [34mcolcon.colcon_core.package_identification[0m [1;30mLevel 1[0m _identify(src/mycobot_description) by extensions ['colcon_pkg']
[0.213s] [34mcolcon.colcon_core.package_identification[0m [1;30mLevel 1[0m _identify(src/mycobot_description) by extension 'colcon_pkg'
[0.213s] [34mcolcon.colcon_core.package_identification[0m [1;30mLevel 1[0m _identify(src/mycobot_description) by extensions ['colcon_meta']
[0.213s] [34mcolcon.colcon_core.package_identification[0m [1;30mLevel 1[0m _identify(src/mycobot_description) by extension 'colcon_meta'
[0.214s] [34mcolcon.colcon_core.package_identification[0m [1;30mLevel 1[0m _identify(src/mycobot_description) by extensions ['ros']
[0.214s] [34mcolcon.colcon_core.package_identification[0m [1;30mLevel 1[0m _identify(src/mycobot_description) by extension 'ros'
[0.216s] [34mcolcon.colcon_core.package_identification[0m [1;30mDEBUG[0m [32mPackage 'src/mycobot_description' with type 'ros.ament_cmake' and name 'mycobot_description'[0m
[0.216s] [34mcolcon.colcon_core.package_discovery[0m [1;30mLevel 1[0m discover_packages(recursive) using defaults
[0.216s] [34mcolcon.colcon_core.package_discovery[0m [1;30mLevel 1[0m discover_packages(ignore) discover
[0.216s] [34mcolcon.colcon_core.package_discovery[0m [1;30mLevel 1[0m discover_packages(ignore) using defaults
[0.216s] [34mcolcon.colcon_core.package_discovery[0m [1;30mLevel 1[0m discover_packages(path) discover
[0.216s] [34mcolcon.colcon_core.package_discovery[0m [1;30mLevel 1[0m discover_packages(path) using defaults
[0.230s] [34mcolcon.colcon_core.verb[0m [1;30mLevel 5[0m set package 'mycobot_description' build argument 'cmake_args' from command line to 'None'
[0.230s] [34mcolcon.colcon_core.verb[0m [1;30mLevel 5[0m set package 'mycobot_description' build argument 'cmake_target' from command line to 'None'
[0.230s] [34mcolcon.colcon_core.verb[0m [1;30mLevel 5[0m set package 'mycobot_description' build argument 'cmake_target_skip_unavailable' from command line to 'False'
[0.230s] [34mcolcon.colcon_core.verb[0m [1;30mLevel 5[0m set package 'mycobot_description' build argument 'cmake_clean_cache' from command line to 'False'
[0.230s] [34mcolcon.colcon_core.verb[0m [1;30mLevel 5[0m set package 'mycobot_description' build argument 'cmake_clean_first' from command line to 'False'
[0.230s] [34mcolcon.colcon_core.verb[0m [1;30mLevel 5[0m set package 'mycobot_description' build argument 'cmake_force_configure' from command line to 'False'
[0.230s] [34mcolcon.colcon_core.verb[0m [1;30mLevel 5[0m set package 'mycobot_description' build argument 'ament_cmake_args' from command line to 'None'
[0.230s] [34mcolcon.colcon_core.verb[0m [1;30mLevel 5[0m set package 'mycobot_description' build argument 'catkin_cmake_args' from command line to 'None'
[0.230s] [34mcolcon.colcon_core.verb[0m [1;30mLevel 5[0m set package 'mycobot_description' build argument 'catkin_skip_building_tests' from command line to 'False'
[0.230s] [34mcolcon.colcon_core.verb[0m [1;30mDEBUG[0m [32mBuilding package 'mycobot_description' with the following arguments: {'ament_cmake_args': None, 'build_base': '/Users/frank/ros2_ws/build/mycobot_description', 'catkin_cmake_args': None, 'catkin_skip_building_tests': False, 'cmake_args': None, 'cmake_clean_cache': False, 'cmake_clean_first': False, 'cmake_force_configure': False, 'cmake_target': None, 'cmake_target_skip_unavailable': False, 'install_base': '/Users/frank/ros2_ws/install/mycobot_description', 'merge_install': False, 'path': '/Users/frank/ros2_ws/src/mycobot_description', 'symlink_install': True, 'test_result_base': None}[0m
[0.230s] [34mcolcon.colcon_core.executor[0m [1;30mINFO[0m Executing jobs using 'parallel' executor
[0.231s] [34mcolcon.colcon_parallel_executor.executor.parallel[0m [1;30mDEBUG[0m [32mrun_until_complete[0m
[0.231s] [34mcolcon.colcon_ros.task.ament_cmake.build[0m [1;30mINFO[0m Building ROS package in '/Users/frank/ros2_ws/src/mycobot_description' with build type 'ament_cmake'
[0.231s] [34mcolcon.colcon_cmake.task.cmake.build[0m [1;30mINFO[0m Building CMake package in '/Users/frank/ros2_ws/src/mycobot_description'
[0.232s] [34mcolcon.colcon_core.plugin_system[0m [1;30mINFO[0m Skipping extension 'colcon_core.shell.bat': Not used on non-Windows systems
[0.233s] [34mcolcon.colcon_core.shell[0m [1;30mINFO[0m Skip shell extension 'powershell' for command environment: Not usable outside of PowerShell
[0.233s] [34mcolcon.colcon_core.shell[0m [1;30mDEBUG[0m [32mSkip shell extension 'dsv' for command environment[0m
[0.256s] [34mcolcon.colcon_core.event_handler.log_command[0m [1;30mDEBUG[0m [32mInvoking command in '/Users/frank/ros2_ws/build/mycobot_description': SHLVL=2 _=/Users/frank/miniconda3/envs/ros_env/bin/env /Users/frank/miniconda3/envs/ros_env/bin/cmake --build /Users/frank/ros2_ws/build/mycobot_description -- -j10 -l10[0m
[0.363s] [34mcolcon.colcon_core.event_handler.log_command[0m [1;30mDEBUG[0m [32mInvoked command in '/Users/frank/ros2_ws/build/mycobot_description' returned '0': SHLVL=2 _=/Users/frank/miniconda3/envs/ros_env/bin/env /Users/frank/miniconda3/envs/ros_env/bin/cmake --build /Users/frank/ros2_ws/build/mycobot_description -- -j10 -l10[0m
[0.506s] [34mcolcon.colcon_core.event_handler.log_command[0m [1;30mDEBUG[0m [32mInvoking command in '/Users/frank/ros2_ws/build/mycobot_description': SHLVL=2 _=/Users/frank/miniconda3/envs/ros_env/bin/env /Users/frank/miniconda3/envs/ros_env/bin/cmake --install /Users/frank/ros2_ws/build/mycobot_description[0m
[0.545s] [34mcolcon.colcon_core.environment[0m [1;30mLevel 1[0m create_environment_scripts_only(mycobot_description)
[0.545s] [34mcolcon.colcon_core.event_handler.log_command[0m [1;30mDEBUG[0m [32mInvoked command in '/Users/frank/ros2_ws/build/mycobot_description' returned '0': SHLVL=2 _=/Users/frank/miniconda3/envs/ros_env/bin/env /Users/frank/miniconda3/envs/ros_env/bin/cmake --install /Users/frank/ros2_ws/build/mycobot_description[0m
[0.548s] [34mcolcon.colcon_core.environment[0m [1;30mLevel 1[0m checking '/Users/frank/ros2_ws/install/mycobot_description' for CMake module files
[0.548s] [34mcolcon.colcon_core.environment[0m [1;30mLevel 1[0m checking '/Users/frank/ros2_ws/install/mycobot_description' for CMake config files
[0.549s] [34mcolcon.colcon_core.shell[0m [1;30mLevel 1[0m create_environment_hook('mycobot_description', 'cmake_prefix_path')
[0.549s] [34mcolcon.colcon_core.shell[0m [1;30mINFO[0m Creating environment hook '/Users/frank/ros2_ws/install/mycobot_description/share/mycobot_description/hook/cmake_prefix_path.ps1'
[0.549s] [34mcolcon.colcon_core.shell[0m [1;30mINFO[0m Creating environment descriptor '/Users/frank/ros2_ws/install/mycobot_description/share/mycobot_description/hook/cmake_prefix_path.dsv'
[0.550s] [34mcolcon.colcon_core.shell[0m [1;30mINFO[0m Creating environment hook '/Users/frank/ros2_ws/install/mycobot_description/share/mycobot_description/hook/cmake_prefix_path.sh'
[0.550s] [34mcolcon.colcon_core.environment[0m [1;30mLevel 1[0m checking '/Users/frank/ros2_ws/install/mycobot_description/lib'
[0.550s] [34mcolcon.colcon_core.environment[0m [1;30mLevel 1[0m checking '/Users/frank/ros2_ws/install/mycobot_description/bin'
[0.550s] [34mcolcon.colcon_core.environment[0m [1;30mLevel 1[0m checking '/Users/frank/ros2_ws/install/mycobot_description/lib/pkgconfig/mycobot_description.pc'
[0.551s] [34mcolcon.colcon_core.environment[0m [1;30mLevel 1[0m checking '/Users/frank/ros2_ws/install/mycobot_description/lib/python3.11/site-packages'
[0.551s] [34mcolcon.colcon_core.environment[0m [1;30mLevel 1[0m checking '/Users/frank/ros2_ws/install/mycobot_description/bin'
[0.551s] [34mcolcon.colcon_core.shell[0m [1;30mINFO[0m Creating package script '/Users/frank/ros2_ws/install/mycobot_description/share/mycobot_description/package.ps1'
[0.551s] [34mcolcon.colcon_core.shell[0m [1;30mINFO[0m Creating package descriptor '/Users/frank/ros2_ws/install/mycobot_description/share/mycobot_description/package.dsv'
[0.552s] [34mcolcon.colcon_core.shell[0m [1;30mINFO[0m Creating package script '/Users/frank/ros2_ws/install/mycobot_description/share/mycobot_description/package.sh'
[0.552s] [34mcolcon.colcon_core.shell[0m [1;30mINFO[0m Creating package script '/Users/frank/ros2_ws/install/mycobot_description/share/mycobot_description/package.bash'
[0.553s] [34mcolcon.colcon_core.shell[0m [1;30mINFO[0m Creating package script '/Users/frank/ros2_ws/install/mycobot_description/share/mycobot_description/package.zsh'
[0.553s] [34mcolcon.colcon_core.environment[0m [1;30mLevel 1[0m create_file_with_runtime_dependencies(/Users/frank/ros2_ws/install/mycobot_description/share/colcon-core/packages/mycobot_description)
[0.683s] [34mcolcon.colcon_core.environment[0m [1;30mLevel 1[0m create_environment_scripts_only(mycobot_description)
[0.683s] [34mcolcon.colcon_core.environment[0m [1;30mLevel 1[0m checking '/Users/frank/ros2_ws/install/mycobot_description' for CMake module files
[0.684s] [34mcolcon.colcon_core.environment[0m [1;30mLevel 1[0m checking '/Users/frank/ros2_ws/install/mycobot_description' for CMake config files
[0.684s] [34mcolcon.colcon_core.shell[0m [1;30mLevel 1[0m create_environment_hook('mycobot_description', 'cmake_prefix_path')
[0.684s] [34mcolcon.colcon_core.shell[0m [1;30mINFO[0m Creating environment hook '/Users/frank/ros2_ws/install/mycobot_description/share/mycobot_description/hook/cmake_prefix_path.ps1'
[0.684s] [34mcolcon.colcon_core.shell[0m [1;30mINFO[0m Creating environment descriptor '/Users/frank/ros2_ws/install/mycobot_description/share/mycobot_description/hook/cmake_prefix_path.dsv'
[0.684s] [34mcolcon.colcon_core.shell[0m [1;30mINFO[0m Creating environment hook '/Users/frank/ros2_ws/install/mycobot_description/share/mycobot_description/hook/cmake_prefix_path.sh'
[0.685s] [34mcolcon.colcon_core.environment[0m [1;30mLevel 1[0m checking '/Users/frank/ros2_ws/install/mycobot_description/lib'
[0.685s] [34mcolcon.colcon_core.environment[0m [1;30mLevel 1[0m checking '/Users/frank/ros2_ws/install/mycobot_description/bin'
[0.685s] [34mcolcon.colcon_core.environment[0m [1;30mLevel 1[0m checking '/Users/frank/ros2_ws/install/mycobot_description/lib/pkgconfig/mycobot_description.pc'
[0.685s] [34mcolcon.colcon_core.environment[0m [1;30mLevel 1[0m checking '/Users/frank/ros2_ws/install/mycobot_description/lib/python3.11/site-packages'
[0.685s] [34mcolcon.colcon_core.environment[0m [1;30mLevel 1[0m checking '/Users/frank/ros2_ws/install/mycobot_description/bin'
[0.685s] [34mcolcon.colcon_core.shell[0m [1;30mINFO[0m Creating package script '/Users/frank/ros2_ws/install/mycobot_description/share/mycobot_description/package.ps1'
[0.685s] [34mcolcon.colcon_core.shell[0m [1;30mINFO[0m Creating package descriptor '/Users/frank/ros2_ws/install/mycobot_description/share/mycobot_description/package.dsv'
[0.686s] [34mcolcon.colcon_core.shell[0m [1;30mINFO[0m Creating package script '/Users/frank/ros2_ws/install/mycobot_description/share/mycobot_description/package.sh'
[0.686s] [34mcolcon.colcon_core.shell[0m [1;30mINFO[0m Creating package script '/Users/frank/ros2_ws/install/mycobot_description/share/mycobot_description/package.bash'
[0.686s] [34mcolcon.colcon_core.shell[0m [1;30mINFO[0m Creating package script '/Users/frank/ros2_ws/install/mycobot_description/share/mycobot_description/package.zsh'
[0.686s] [34mcolcon.colcon_core.environment[0m [1;30mLevel 1[0m create_file_with_runtime_dependencies(/Users/frank/ros2_ws/install/mycobot_description/share/colcon-core/packages/mycobot_description)
[0.687s] [34mcolcon.colcon_parallel_executor.executor.parallel[0m [1;30mDEBUG[0m [32mclosing loop[0m
[0.687s] [34mcolcon.colcon_parallel_executor.executor.parallel[0m [1;30mDEBUG[0m [32mloop closed[0m
[0.687s] [34mcolcon.colcon_parallel_executor.executor.parallel[0m [1;30mDEBUG[0m [32mrun_until_complete finished with '0'[0m
[0.687s] [34mcolcon.colcon_core.event_reactor[0m [1;30mDEBUG[0m [32mjoining thread[0m
[0.687s] [34mcolcon.colcon_core.event_reactor[0m [1;30mDEBUG[0m [32mjoined thread[0m
[0.687s] [34mcolcon.colcon_core.shell[0m [1;30mINFO[0m Creating prefix script '/Users/frank/ros2_ws/install/local_setup.ps1'
[0.688s] [34mcolcon.colcon_core.shell[0m [1;30mINFO[0m Creating prefix util module '/Users/frank/ros2_ws/install/_local_setup_util_ps1.py'
[0.689s] [34mcolcon.colcon_core.shell[0m [1;30mINFO[0m Creating prefix chain script '/Users/frank/ros2_ws/install/setup.ps1'
[0.689s] [34mcolcon.colcon_core.shell[0m [1;30mINFO[0m Creating prefix script '/Users/frank/ros2_ws/install/local_setup.sh'
[0.690s] [34mcolcon.colcon_core.shell[0m [1;30mINFO[0m Creating prefix util module '/Users/frank/ros2_ws/install/_local_setup_util_sh.py'
[0.691s] [34mcolcon.colcon_core.shell[0m [1;30mINFO[0m Creating prefix chain script '/Users/frank/ros2_ws/install/setup.sh'
[0.691s] [34mcolcon.colcon_core.shell[0m [1;30mINFO[0m Creating prefix script '/Users/frank/ros2_ws/install/local_setup.bash'
[0.692s] [34mcolcon.colcon_core.shell[0m [1;30mINFO[0m Creating prefix chain script '/Users/frank/ros2_ws/install/setup.bash'
[0.692s] [34mcolcon.colcon_core.shell[0m [1;30mINFO[0m Creating prefix script '/Users/frank/ros2_ws/install/local_setup.zsh'
[0.693s] [34mcolcon.colcon_core.shell[0m [1;30mINFO[0m Creating prefix chain script '/Users/frank/ros2_ws/install/setup.zsh'
