CMake Deprecation Warning at CMakeLists.txt:1 (cmake_minimum_required):
  Compatibility with CMake < 3.10 will be removed from a future version of
  CMake.

  Update the VERSION argument <min> value.  Or, use the <min>...<max> syntax
  to tell CMake that the project requires at least <min> but has been updated
  to work with policies introduced by <max> or earlier.


-- Found ament_cmake: 1.3.11 (/Users/frank/miniconda3/envs/ros_env/share/ament_cmake/cmake)
-- Override CMake install command with custom implementation using symlinks instead of copying resources
-- Found ament_lint_auto: 0.12.11 (/Users/frank/miniconda3/envs/ros_env/share/ament_lint_auto/cmake)
-- Added test 'copyright' to check source files copyright and LICENSE
-- Added test 'flake8' to check Python code syntax and style conventions
-- Added test 'lint_cmake' to check CMake code style
-- Added test 'pep257' to check Python code against some of the docstring style conventions in PEP 257
-- Added test 'xmllint' to check XML markup files
-- Configuring done (0.4s)
-- Generating done (0.0s)
-- Build files have been written to: /Users/frank/ros2_ws/build/mycobot_description
-- Install configuration: ""
-- Execute custom install script
-- Symlinking: /Users/frank/ros2_ws/install/mycobot_description/share/mycobot_description/urdf/build/.built_by
-- Symlinking: /Users/frank/ros2_ws/install/mycobot_description/share/mycobot_description/urdf/build/COLCON_IGNORE
-- Symlinking: /Users/frank/ros2_ws/install/mycobot_description/share/mycobot_description/urdf/install/.colcon_install_layout
-- Symlinking: /Users/frank/ros2_ws/install/mycobot_description/share/mycobot_description/urdf/install/COLCON_IGNORE
-- Symlinking: /Users/frank/ros2_ws/install/mycobot_description/share/mycobot_description/urdf/install/_local_setup_util_ps1.py
-- Symlinking: /Users/frank/ros2_ws/install/mycobot_description/share/mycobot_description/urdf/install/_local_setup_util_sh.py
-- Symlinking: /Users/frank/ros2_ws/install/mycobot_description/share/mycobot_description/urdf/install/local_setup.bash
-- Symlinking: /Users/frank/ros2_ws/install/mycobot_description/share/mycobot_description/urdf/install/local_setup.ps1
-- Symlinking: /Users/frank/ros2_ws/install/mycobot_description/share/mycobot_description/urdf/install/local_setup.sh
-- Symlinking: /Users/frank/ros2_ws/install/mycobot_description/share/mycobot_description/urdf/install/local_setup.zsh
-- Symlinking: /Users/frank/ros2_ws/install/mycobot_description/share/mycobot_description/urdf/install/setup.bash
-- Symlinking: /Users/frank/ros2_ws/install/mycobot_description/share/mycobot_description/urdf/install/setup.ps1
-- Symlinking: /Users/frank/ros2_ws/install/mycobot_description/share/mycobot_description/urdf/install/setup.sh
-- Symlinking: /Users/frank/ros2_ws/install/mycobot_description/share/mycobot_description/urdf/install/setup.zsh
-- Symlinking: /Users/frank/ros2_ws/install/mycobot_description/share/mycobot_description/urdf/log/COLCON_IGNORE
-- Symlinking: /Users/frank/ros2_ws/install/mycobot_description/share/mycobot_description/urdf/log/build_2026-02-14_22-37-37/events.log
-- Symlinking: /Users/frank/ros2_ws/install/mycobot_description/share/mycobot_description/urdf/log/build_2026-02-14_22-37-37/logger_all.log
-- Symlinking: /Users/frank/ros2_ws/install/mycobot_description/share/mycobot_description/urdf/log/build_2026-02-14_22-37-59/events.log
-- Symlinking: /Users/frank/ros2_ws/install/mycobot_description/share/mycobot_description/urdf/log/build_2026-02-14_22-37-59/logger_all.log
-- Symlinking: /Users/frank/ros2_ws/install/mycobot_description/share/mycobot_description/urdf/log/build_2026-02-14_22-38-14/events.log
-- Symlinking: /Users/frank/ros2_ws/install/mycobot_description/share/mycobot_description/urdf/log/build_2026-02-14_22-38-14/logger_all.log
-- Symlinking: /Users/frank/ros2_ws/install/mycobot_description/share/mycobot_description/urdf/log/latest
-- Symlinking: /Users/frank/ros2_ws/install/mycobot_description/share/mycobot_description/urdf/log/latest_build
-- Symlinking: /Users/frank/ros2_ws/install/mycobot_description/share/mycobot_description/urdf/mycobot_pro_630.urdf
-- Symlinking: /Users/frank/ros2_ws/install/mycobot_description/share/mycobot_description/urdf/mycobot_pro_630.urdf.xacro
-- Symlinking: /Users/frank/ros2_ws/install/mycobot_description/share/mycobot_description/meshes/base.dae
-- Symlinking: /Users/frank/ros2_ws/install/mycobot_description/share/mycobot_description/meshes/link1.dae
-- Symlinking: /Users/frank/ros2_ws/install/mycobot_description/share/mycobot_description/meshes/link2.dae
-- Symlinking: /Users/frank/ros2_ws/install/mycobot_description/share/mycobot_description/meshes/link3.dae
-- Symlinking: /Users/frank/ros2_ws/install/mycobot_description/share/mycobot_description/meshes/link4.dae
-- Symlinking: /Users/frank/ros2_ws/install/mycobot_description/share/mycobot_description/meshes/link5.dae
-- Symlinking: /Users/frank/ros2_ws/install/mycobot_description/share/mycobot_description/meshes/link6.dae
-- Symlinking: /Users/frank/ros2_ws/install/mycobot_description/share/mycobot_description/meshes/single_suction_cup.dae
-- Symlinking: /Users/frank/ros2_ws/install/mycobot_description/share/mycobot_description/launch/display.launch.py
-- Symlinking: /Users/frank/ros2_ws/install/mycobot_description/share/mycobot_description/launch/foxglove.launch.py
-- Symlinking: /Users/frank/ros2_ws/install/mycobot_description/share/mycobot_description/config/controllers.yaml
-- Symlinking: /Users/frank/ros2_ws/install/mycobot_description/share/mycobot_description/rviz/display.rviz
-- Symlinking: /Users/frank/ros2_ws/install/mycobot_description/share/ament_index/resource_index/package_run_dependencies/mycobot_description
-- Symlinking: /Users/frank/ros2_ws/install/mycobot_description/share/ament_index/resource_index/parent_prefix_path/mycobot_description
-- Symlinking: /Users/frank/ros2_ws/install/mycobot_description/share/mycobot_description/environment/ament_prefix_path.sh
-- Symlinking: /Users/frank/ros2_ws/install/mycobot_description/share/mycobot_description/environment/ament_prefix_path.dsv
-- Symlinking: /Users/frank/ros2_ws/install/mycobot_description/share/mycobot_description/environment/path.sh
-- Symlinking: /Users/frank/ros2_ws/install/mycobot_description/share/mycobot_description/environment/path.dsv
-- Symlinking: /Users/frank/ros2_ws/install/mycobot_description/share/mycobot_description/local_setup.bash
-- Symlinking: /Users/frank/ros2_ws/install/mycobot_description/share/mycobot_description/local_setup.sh
-- Symlinking: /Users/frank/ros2_ws/install/mycobot_description/share/mycobot_description/local_setup.zsh
-- Symlinking: /Users/frank/ros2_ws/install/mycobot_description/share/mycobot_description/local_setup.dsv
-- Symlinking: /Users/frank/ros2_ws/install/mycobot_description/share/mycobot_description/package.dsv
-- Symlinking: /Users/frank/ros2_ws/install/mycobot_description/share/ament_index/resource_index/packages/mycobot_description
-- Symlinking: /Users/frank/ros2_ws/install/mycobot_description/share/mycobot_description/cmake/mycobot_descriptionConfig.cmake
-- Symlinking: /Users/frank/ros2_ws/install/mycobot_description/share/mycobot_description/cmake/mycobot_descriptionConfig-version.cmake
-- Symlinking: /Users/frank/ros2_ws/install/mycobot_description/share/mycobot_description/package.xml
