[0.038s] Invoking command in '/Users/frank/ros2_ws/build/mycobot_description': CONDA_PROMPT_MODIFIER=(ros_env) SHLVL=3 _=/Users/frank/miniconda3/envs/ros_env/bin/env __CF_USER_TEXT_ENCODING=0x1F5:0x0:0x0 /Users/frank/miniconda3/envs/ros_env/bin/cmake /Users/frank/ros2_ws/src/mycobot_description -DCMAKE_INSTALL_PREFIX=/Users/frank/ros2_ws/install/mycobot_description
[0.214s] CMake Deprecation Warning at CMakeLists.txt:1 (cmake_minimum_required):
[0.214s]   Compatibility with CMake < 3.10 will be removed from a future version of
[0.214s]   CMake.
[0.214s] 
[0.215s]   Update the VERSION argument <min> value.  Or, use the <min>...<max> syntax
[0.215s]   to tell CMake that the project requires at least <min> but has been updated
[0.215s]   to work with policies introduced by <max> or earlier.
[0.215s] 
[0.215s] 
[0.620s] -- Found ament_cmake: 1.3.11 (/Users/frank/miniconda3/envs/ros_env/share/ament_cmake/cmake)
[0.988s] -- Found Python3: /Users/frank/miniconda3/envs/ros_env/bin/python3 (found version "3.11.12") found components: Interpreter
[2.579s] -- Found ament_lint_auto: 0.12.11 (/Users/frank/miniconda3/envs/ros_env/share/ament_lint_auto/cmake)
[3.454s] -- Added test 'copyright' to check source files copyright and LICENSE
[3.458s] -- Added test 'flake8' to check Python code syntax and style conventions
[3.462s] -- Added test 'lint_cmake' to check CMake code style
[3.464s] -- Added test 'pep257' to check Python code against some of the docstring style conventions in PEP 257
[3.467s] -- Added test 'xmllint' to check XML markup files
[3.473s] -- Configuring done (3.3s)
[3.483s] -- Generating done (0.0s)
[3.484s] -- Build files have been written to: /Users/frank/ros2_ws/build/mycobot_description
[3.486s] Invoked command in '/Users/frank/ros2_ws/build/mycobot_description' returned '0': CONDA_PROMPT_MODIFIER=(ros_env) SHLVL=3 _=/Users/frank/miniconda3/envs/ros_env/bin/env __CF_USER_TEXT_ENCODING=0x1F5:0x0:0x0 /Users/frank/miniconda3/envs/ros_env/bin/cmake /Users/frank/ros2_ws/src/mycobot_description -DCMAKE_INSTALL_PREFIX=/Users/frank/ros2_ws/install/mycobot_description
[3.487s] Invoking command in '/Users/frank/ros2_ws/build/mycobot_description': CONDA_PROMPT_MODIFIER=(ros_env) SHLVL=3 _=/Users/frank/miniconda3/envs/ros_env/bin/env __CF_USER_TEXT_ENCODING=0x1F5:0x0:0x0 /Users/frank/miniconda3/envs/ros_env/bin/cmake --build /Users/frank/ros2_ws/build/mycobot_description -- -j10 -l10
[4.322s] Invoked command in '/Users/frank/ros2_ws/build/mycobot_description' returned '0': CONDA_PROMPT_MODIFIER=(ros_env) SHLVL=3 _=/Users/frank/miniconda3/envs/ros_env/bin/env __CF_USER_TEXT_ENCODING=0x1F5:0x0:0x0 /Users/frank/miniconda3/envs/ros_env/bin/cmake --build /Users/frank/ros2_ws/build/mycobot_description -- -j10 -l10
[4.538s] Invoking command in '/Users/frank/ros2_ws/build/mycobot_description': CONDA_PROMPT_MODIFIER=(ros_env) SHLVL=3 _=/Users/frank/miniconda3/envs/ros_env/bin/env __CF_USER_TEXT_ENCODING=0x1F5:0x0:0x0 /Users/frank/miniconda3/envs/ros_env/bin/cmake --install /Users/frank/ros2_ws/build/mycobot_description
[4.553s] -- Install configuration: ""
[4.553s] -- Installing: /Users/frank/ros2_ws/install/mycobot_description/share/mycobot_description/urdf
[4.553s] -- Installing: /Users/frank/ros2_ws/install/mycobot_description/share/mycobot_description/urdf/mycobot_pro_630.urdf.xacro
[4.553s] -- Installing: /Users/frank/ros2_ws/install/mycobot_description/share/mycobot_description/urdf/mycobot_pro_630.urdf
[4.553s] -- Installing: /Users/frank/ros2_ws/install/mycobot_description/share/mycobot_description/meshes
[4.554s] -- Installing: /Users/frank/ros2_ws/install/mycobot_description/share/mycobot_description/meshes/base.dae
[4.554s] -- Installing: /Users/frank/ros2_ws/install/mycobot_description/share/mycobot_description/meshes/link4.dae
[4.554s] -- Installing: /Users/frank/ros2_ws/install/mycobot_description/share/mycobot_description/meshes/single_suction_cup.dae
[4.554s] -- Installing: /Users/frank/ros2_ws/install/mycobot_description/share/mycobot_description/meshes/link5.dae
[4.554s] -- Installing: /Users/frank/ros2_ws/install/mycobot_description/share/mycobot_description/meshes/link6.dae
[4.554s] -- Installing: /Users/frank/ros2_ws/install/mycobot_description/share/mycobot_description/meshes/link2.dae
[4.554s] -- Installing: /Users/frank/ros2_ws/install/mycobot_description/share/mycobot_description/meshes/link3.dae
[4.555s] -- Installing: /Users/frank/ros2_ws/install/mycobot_description/share/mycobot_description/meshes/link1.dae
[4.555s] -- Installing: /Users/frank/ros2_ws/install/mycobot_description/share/mycobot_description/launch
[4.555s] -- Installing: /Users/frank/ros2_ws/install/mycobot_description/share/mycobot_description/launch/display.launch.py
[4.555s] -- Installing: /Users/frank/ros2_ws/install/mycobot_description/share/mycobot_description/config
[4.555s] -- Installing: /Users/frank/ros2_ws/install/mycobot_description/share/mycobot_description/config/controllers.yaml
[4.555s] -- Installing: /Users/frank/ros2_ws/install/mycobot_description/share/mycobot_description/rviz
[4.555s] -- Installing: /Users/frank/ros2_ws/install/mycobot_description/share/mycobot_description/rviz/display.rviz
[4.556s] -- Installing: /Users/frank/ros2_ws/install/mycobot_description/share/ament_index/resource_index/package_run_dependencies/mycobot_description
[4.556s] -- Installing: /Users/frank/ros2_ws/install/mycobot_description/share/ament_index/resource_index/parent_prefix_path/mycobot_description
[4.556s] -- Installing: /Users/frank/ros2_ws/install/mycobot_description/share/mycobot_description/environment/ament_prefix_path.sh
[4.557s] -- Installing: /Users/frank/ros2_ws/install/mycobot_description/share/mycobot_description/environment/ament_prefix_path.dsv
[4.557s] -- Installing: /Users/frank/ros2_ws/install/mycobot_description/share/mycobot_description/environment/path.sh
[4.557s] -- Installing: /Users/frank/ros2_ws/install/mycobot_description/share/mycobot_description/environment/path.dsv
[4.557s] -- Installing: /Users/frank/ros2_ws/install/mycobot_description/share/mycobot_description/local_setup.bash
[4.557s] -- Installing: /Users/frank/ros2_ws/install/mycobot_description/share/mycobot_description/local_setup.sh
[4.557s] -- Installing: /Users/frank/ros2_ws/install/mycobot_description/share/mycobot_description/local_setup.zsh
[4.558s] -- Installing: /Users/frank/ros2_ws/install/mycobot_description/share/mycobot_description/local_setup.dsv
[4.558s] -- Installing: /Users/frank/ros2_ws/install/mycobot_description/share/mycobot_description/package.dsv
[4.558s] -- Installing: /Users/frank/ros2_ws/install/mycobot_description/share/ament_index/resource_index/packages/mycobot_description
[4.558s] -- Installing: /Users/frank/ros2_ws/install/mycobot_description/share/mycobot_description/cmake/mycobot_descriptionConfig.cmake
[4.558s] -- Installing: /Users/frank/ros2_ws/install/mycobot_description/share/mycobot_description/cmake/mycobot_descriptionConfig-version.cmake
[4.559s] -- Installing: /Users/frank/ros2_ws/install/mycobot_description/share/mycobot_description/package.xml
[4.560s] Invoked command in '/Users/frank/ros2_ws/build/mycobot_description' returned '0': CONDA_PROMPT_MODIFIER=(ros_env) SHLVL=3 _=/Users/frank/miniconda3/envs/ros_env/bin/env __CF_USER_TEXT_ENCODING=0x1F5:0x0:0x0 /Users/frank/miniconda3/envs/ros_env/bin/cmake --install /Users/frank/ros2_ws/build/mycobot_description
